<?xml version="1.0" encoding="utf-8"?><testsuites name="pytest tests"><testsuite name="pytest" errors="0" failures="0" skipped="0" tests="19" time="5.088" timestamp="2026-05-03T20:26:04.248054+00:00" hostname="agent-env-83be8587-923d-40b9-b575-76d204258bac"><testcase classname="backend.tests.test_coupons.TestCouponAuth" name="test_create_requires_auth" time="0.198" /><testcase classname="backend.tests.test_coupons.TestCouponAuth" name="test_list_requires_auth" time="0.112" /><testcase classname="backend.tests.test_coupons.TestCouponAuth" name="test_toggle_requires_auth" time="0.104" /><testcase classname="backend.tests.test_coupons.TestCouponAuth" name="test_delete_requires_auth" time="0.115" /><testcase classname="backend.tests.test_coupons.TestCouponAuth" name="test_apply_is_public" time="0.116" /><testcase classname="backend.tests.test_coupons.TestSeededCouponsApply" name="test_apply_TREK20_percentage" time="0.614" /><testcase classname="backend.tests.test_coupons.TestSeededCouponsApply" name="test_apply_TREK20_lowercase_uppercased" time="0.106" /><testcase classname="backend.tests.test_coupons.TestSeededCouponsApply" name="test_apply_TREK20_below_min_amount" time="0.124" /><testcase classname="backend.tests.test_coupons.TestSeededCouponsApply" name="test_apply_FLAT200_flat" time="0.128" /><testcase classname="backend.tests.test_coupons.TestSeededCouponsApply" name="test_apply_FLAT200_below_min" time="0.141" /><testcase classname="backend.tests.test_coupons.TestSeededCouponsApply" name="test_apply_invalid_code" time="0.380" /><testcase classname="backend.tests.test_coupons.TestCouponCRUD" name="test_list_coupons_admin" time="0.131" /><testcase classname="backend.tests.test_coupons.TestCouponCRUD" name="test_create_duplicate_rejected" time="0.125" /><testcase classname="backend.tests.test_coupons.TestCouponCRUD" name="test_full_crud_lifecycle" time="1.014" /><testcase classname="backend.tests.test_coupons.TestCouponCRUD" name="test_expired_coupon_rejected" time="0.350" /><testcase classname="backend.tests.test_coupons.TestCouponCRUD" name="test_usage_limit_rejected" time="0.355" /><testcase classname="backend.tests.test_coupons.TestCouponCRUD" name="test_toggle_nonexistent_404" time="0.109" /><testcase classname="backend.tests.test_coupons.TestCouponCRUD" name="test_delete_nonexistent_404" time="0.113" /><testcase classname="backend.tests.test_coupons.TestBookingWithCoupon" name="test_booking_with_coupon_increments_used_count" time="0.655" /></testsuite></testsuites>