<?xml version="1.0" encoding="utf-8"?><testsuites name="pytest tests"><testsuite name="pytest" errors="0" failures="0" skipped="0" tests="22" time="4.037" timestamp="2026-05-03T15:25:49.116043+00:00" hostname="agent-env-83be8587-923d-40b9-b575-76d204258bac"><testcase classname="backend.tests.backend_test.TestTreks" name="test_get_treks_with_departure_dates" time="0.284" /><testcase classname="backend.tests.backend_test.TestTreks" name="test_seeded_treks_have_departure_dates" time="0.063" /><testcase classname="backend.tests.backend_test.TestTreks" name="test_get_trek_by_id_has_departure_dates" time="0.148" /><testcase classname="backend.tests.backend_test.TestTreks" name="test_get_trek_404" time="0.060" /><testcase classname="backend.tests.backend_test.TestReviews" name="test_get_approved_reviews" time="0.064" /><testcase classname="backend.tests.backend_test.TestReviews" name="test_create_review_public" time="0.132" /><testcase classname="backend.tests.backend_test.TestAdminAuth" name="test_admin_login_success" time="0.060" /><testcase classname="backend.tests.backend_test.TestAdminAuth" name="test_admin_login_invalid" time="0.059" /><testcase classname="backend.tests.backend_test.TestAdminAuth" name="test_admin_stats_without_auth_rejected" time="0.148" /><testcase classname="backend.tests.backend_test.TestAdminAuth" name="test_admin_stats_with_bad_token" time="0.146" /><testcase classname="backend.tests.backend_test.TestAdminAuth" name="test_admin_stats_with_auth" time="0.175" /><testcase classname="backend.tests.backend_test.TestAdminAuth" name="test_bookings_list_requires_auth" time="0.120" /><testcase classname="backend.tests.backend_test.TestAdminAuth" name="test_bookings_list_with_auth" time="0.158" /><testcase classname="backend.tests.backend_test.TestAdminAuth" name="test_create_trek_without_auth_rejected" time="0.118" /><testcase classname="backend.tests.backend_test.TestAdminAuth" name="test_delete_trek_without_auth_rejected" time="0.161" /><testcase classname="backend.tests.backend_test.TestTrekCRUD" name="test_create_update_delete_trek" time="0.700" /><testcase classname="backend.tests.backend_test.TestBooking" name="test_create_order_with_departure_date" time="0.184" /><testcase classname="backend.tests.backend_test.TestBooking" name="test_create_order_without_departure_date" time="0.119" /><testcase classname="backend.tests.backend_test.TestImageUpload" name="test_upload_without_auth" time="0.106" /><testcase classname="backend.tests.backend_test.TestImageUpload" name="test_upload_invalid_content_type" time="0.119" /><testcase classname="backend.tests.backend_test.TestImageUpload" name="test_upload_and_fetch" time="0.691" /><testcase classname="backend.tests.backend_test.TestImageUpload" name="test_get_file_not_found" time="0.128" /></testsuite></testsuites>