<?xml version="1.0" encoding="utf-8"?><testsuites name="pytest tests"><testsuite name="pytest" errors="0" failures="0" skipped="0" tests="13" time="2.150" timestamp="2026-05-03T14:54:33.773351+00:00" hostname="agent-env-83be8587-923d-40b9-b575-76d204258bac"><testcase classname="backend.tests.backend_test.TestTreks" name="test_get_treks" time="0.362" /><testcase classname="backend.tests.backend_test.TestTreks" name="test_get_trek_by_id" time="0.140" /><testcase classname="backend.tests.backend_test.TestTreks" name="test_get_trek_404" time="0.068" /><testcase classname="backend.tests.backend_test.TestTreks" name="test_filter_difficulty" time="0.067" /><testcase classname="backend.tests.backend_test.TestReviews" name="test_get_approved_reviews" time="0.074" /><testcase classname="backend.tests.backend_test.TestReviews" name="test_get_all_reviews" time="0.072" /><testcase classname="backend.tests.backend_test.TestAdmin" name="test_admin_login_success" time="0.070" /><testcase classname="backend.tests.backend_test.TestAdmin" name="test_admin_login_invalid" time="0.073" /><testcase classname="backend.tests.backend_test.TestAdmin" name="test_admin_stats" time="0.103" /><testcase classname="backend.tests.backend_test.TestBooking" name="test_create_order_and_persist" time="0.287" /><testcase classname="backend.tests.backend_test.TestBooking" name="test_create_order_invalid_email" time="0.158" /><testcase classname="backend.tests.backend_test.TestBooking" name="test_get_bookings_list" time="0.130" /><testcase classname="backend.tests.backend_test.TestTrekCRUD" name="test_create_update_delete_trek" time="0.336" /></testsuite></testsuites>